<?xml version="1.0" encoding="UTF-8"?>
<testng-results ignored="0" total="1" passed="1" failed="0" skipped="0">
  <reporter-output>
  </reporter-output>
  <suite started-at="2021-05-24T18:50:34Z" name="Testing" finished-at="2021-05-24T18:50:41Z" duration-ms="6514">
    <groups>
    </groups>
    <test started-at="2021-05-24T18:50:34Z" name="Test" finished-at="2021-05-24T18:50:41Z" duration-ms="6514">
      <class name="testing.FirstTest">
        <test-method is-config="true" signature="beforeTest()[pri:0, instance:testing.FirstTest@48c76607]" started-at="2021-05-24T12:50:34Z" name="beforeTest" finished-at="2021-05-24T12:50:37Z" duration-ms="2156" status="PASS">
          <reporter-output>
          </reporter-output>
        </test-method> <!-- beforeTest -->
        <test-method signature="firstChrome()[pri:0, instance:testing.FirstTest@48c76607]" started-at="2021-05-24T12:50:37Z" name="firstChrome" finished-at="2021-05-24T12:50:41Z" duration-ms="4134" status="PASS">
          <reporter-output>
          </reporter-output>
        </test-method> <!-- firstChrome -->
        <test-method is-config="true" signature="afterTest()[pri:0, instance:testing.FirstTest@48c76607]" started-at="2021-05-24T12:50:41Z" name="afterTest" finished-at="2021-05-24T12:50:41Z" duration-ms="123" status="PASS">
          <reporter-output>
          </reporter-output>
        </test-method> <!-- afterTest -->
      </class> <!-- testing.FirstTest -->
    </test> <!-- Test -->
  </suite> <!-- Testing -->
</testng-results>
